!SESSION 2014-11-09 11:36:38.398 -----------------------------------------------
eclipse.buildId=I20110613-1736
java.version=1.6.0_33
java.vendor=Sun Microsystems Inc.
BootLoader constants: OS=linux, ARCH=x86, WS=gtk, NL=en_US
Command-line arguments:  -os linux -ws gtk -arch x86

!ENTRY org.eclipse.equinox.p2.transport.ecf 2 0 2014-11-09 11:38:46.073
!MESSAGE Connection to http://developer.android.google.com/p2.index failed on developer.android.google.com. Retry attempt 0 started
!STACK 0
java.net.UnknownHostException: developer.android.google.com
	at java.net.AbstractPlainSocketImpl.connect(AbstractPlainSocketImpl.java:175)
	at java.net.SocksSocketImpl.connect(SocksSocketImpl.java:385)
	at java.net.Socket.connect(Socket.java:546)
	at org.eclipse.ecf.provider.filetransfer.events.socket.SocketEventCreateUtil.createSocket(SocketEventCreateUtil.java:43)
	at org.eclipse.ecf.internal.provider.filetransfer.httpclient.ECFHttpClientProtocolSocketFactory.createSocket(ECFHttpClientProtocolSocketFactory.java:81)
	at org.eclipse.ecf.internal.provider.filetransfer.httpclient.ECFHttpClientProtocolSocketFactory.createSocket(ECFHttpClientProtocolSocketFactory.java:73)
	at org.eclipse.ecf.internal.provider.filetransfer.httpclient.ECFHttpClientProtocolSocketFactory.createSocket(ECFHttpClientProtocolSocketFactory.java:65)
	at org.apache.commons.httpclient.HttpConnection.open(HttpConnection.java:707)
	at org.apache.commons.httpclient.MultiThreadedHttpConnectionManager$HttpConnectionAdapter.open(MultiThreadedHttpConnectionManager.java:1361)
	at org.apache.commons.httpclient.HttpMethodDirector.executeWithRetry(HttpMethodDirector.java:387)
	at org.apache.commons.httpclient.HttpMethodDirector.executeMethod(HttpMethodDirector.java:171)
	at org.apache.commons.httpclient.HttpClient.executeMethod(HttpClient.java:397)
	at org.apache.commons.httpclient.HttpClient.executeMethod(HttpClient.java:346)
	at org.eclipse.ecf.provider.filetransfer.httpclient.HttpClientRetrieveFileTransfer.performConnect(HttpClientRetrieveFileTransfer.java:1142)
	at org.eclipse.ecf.provider.filetransfer.httpclient.HttpClientRetrieveFileTransfer.openStreams(HttpClientRetrieveFileTransfer.java:710)
	at org.eclipse.ecf.provider.filetransfer.retrieve.AbstractRetrieveFileTransfer.sendRetrieveRequest(AbstractRetrieveFileTransfer.java:889)
	at org.eclipse.ecf.provider.filetransfer.retrieve.AbstractRetrieveFileTransfer.sendRetrieveRequest(AbstractRetrieveFileTransfer.java:576)
	at org.eclipse.ecf.provider.filetransfer.retrieve.MultiProtocolRetrieveAdapter.sendRetrieveRequest(MultiProtocolRetrieveAdapter.java:106)
	at org.eclipse.equinox.internal.p2.transport.ecf.FileReader.sendRetrieveRequest(FileReader.java:349)
	at org.eclipse.equinox.internal.p2.transport.ecf.FileReader.readInto(FileReader.java:295)
	at org.eclipse.equinox.internal.p2.transport.ecf.RepositoryTransport.download(RepositoryTransport.java:87)
	at org.eclipse.equinox.internal.p2.transport.ecf.RepositoryTransport.download(RepositoryTransport.java:137)
	at org.eclipse.equinox.internal.p2.repository.helpers.AbstractRepositoryManager.loadIndexFile(AbstractRepositoryManager.java:721)
	at org.eclipse.equinox.internal.p2.repository.helpers.AbstractRepositoryManager.loadRepository(AbstractRepositoryManager.java:640)
	at org.eclipse.equinox.internal.p2.metadata.repository.MetadataRepositoryManager.loadRepository(MetadataRepositoryManager.java:96)
	at org.eclipse.equinox.internal.p2.metadata.repository.MetadataRepositoryManager.loadRepository(MetadataRepositoryManager.java:92)
	at org.eclipse.equinox.p2.ui.ProvisioningUI.loadMetadataRepository(ProvisioningUI.java:402)
	at org.eclipse.equinox.internal.p2.ui.model.MetadataRepositoryElement.getMetadataRepository(MetadataRepositoryElement.java:120)
	at org.eclipse.equinox.internal.p2.ui.model.MetadataRepositoryElement.fetchChildren(MetadataRepositoryElement.java:70)
	at org.eclipse.equinox.internal.p2.ui.model.RemoteQueriedElement.fetchDeferredChildren(RemoteQueriedElement.java:34)
	at org.eclipse.ui.progress.DeferredTreeContentManager$1.run(DeferredTreeContentManager.java:235)
	at org.eclipse.core.internal.jobs.Worker.run(Worker.java:54)
